ARM GAS  C:\Users\REMOTE~1\AppData\Local\Temp\cczrOB1j.s 			page 1


   1              		.cpu cortex-m0
   2              		.eabi_attribute 20, 1
   3              		.eabi_attribute 21, 1
   4              		.eabi_attribute 23, 3
   5              		.eabi_attribute 24, 1
   6              		.eabi_attribute 25, 1
   7              		.eabi_attribute 26, 1
   8              		.eabi_attribute 30, 1
   9              		.eabi_attribute 34, 0
  10              		.eabi_attribute 18, 4
  11              		.file	"main.c"
  12              		.text
  13              	.Ltext0:
  14              		.cfi_sections	.debug_frame
  15              		.section	.text.MX_GPIO_Init,"ax",%progbits
  16              		.align	1
  17              		.arch armv6s-m
  18              		.syntax unified
  19              		.code	16
  20              		.thumb_func
  21              		.fpu softvfp
  23              	MX_GPIO_Init:
  24              	.LFB42:
  25              		.file 1 "Src/main.c"
   1:Src/main.c    **** /* USER CODE BEGIN Header */
   2:Src/main.c    **** /**
   3:Src/main.c    ****   ******************************************************************************
   4:Src/main.c    ****   * @file           : main.c
   5:Src/main.c    ****   * @brief          : Main program body
   6:Src/main.c    ****   ******************************************************************************
   7:Src/main.c    ****   * @attention
   8:Src/main.c    ****   *
   9:Src/main.c    ****   * <h2><center>&copy; Copyright (c) 2020 STMicroelectronics.
  10:Src/main.c    ****   * All rights reserved.</center></h2>
  11:Src/main.c    ****   *
  12:Src/main.c    ****   * This software component is licensed by ST under BSD 3-Clause license,
  13:Src/main.c    ****   * the "License"; You may not use this file except in compliance with the
  14:Src/main.c    ****   * License. You may obtain a copy of the License at:
  15:Src/main.c    ****   *                        opensource.org/licenses/BSD-3-Clause
  16:Src/main.c    ****   *
  17:Src/main.c    ****   ******************************************************************************
  18:Src/main.c    ****   */
  19:Src/main.c    **** /* USER CODE END Header */
  20:Src/main.c    **** 
  21:Src/main.c    **** /* Includes ------------------------------------------------------------------*/
  22:Src/main.c    **** #include "main.h"
  23:Src/main.c    **** 
  24:Src/main.c    **** /* Private includes ----------------------------------------------------------*/
  25:Src/main.c    **** /* USER CODE BEGIN Includes */
  26:Src/main.c    **** 
  27:Src/main.c    **** /* USER CODE END Includes */
  28:Src/main.c    **** 
  29:Src/main.c    **** /* Private typedef -----------------------------------------------------------*/
  30:Src/main.c    **** /* USER CODE BEGIN PTD */
  31:Src/main.c    **** 
  32:Src/main.c    **** /* USER CODE END PTD */
  33:Src/main.c    **** 
ARM GAS  C:\Users\REMOTE~1\AppData\Local\Temp\cczrOB1j.s 			page 2


  34:Src/main.c    **** /* Private define ------------------------------------------------------------*/
  35:Src/main.c    **** /* USER CODE BEGIN PD */
  36:Src/main.c    **** /* USER CODE END PD */
  37:Src/main.c    **** 
  38:Src/main.c    **** /* Private macro -------------------------------------------------------------*/
  39:Src/main.c    **** /* USER CODE BEGIN PM */
  40:Src/main.c    **** 
  41:Src/main.c    **** /* USER CODE END PM */
  42:Src/main.c    **** 
  43:Src/main.c    **** /* Private variables ---------------------------------------------------------*/
  44:Src/main.c    **** 
  45:Src/main.c    **** /* USER CODE BEGIN PV */
  46:Src/main.c    **** 
  47:Src/main.c    **** /* USER CODE END PV */
  48:Src/main.c    **** 
  49:Src/main.c    **** /* Private function prototypes -----------------------------------------------*/
  50:Src/main.c    **** void SystemClock_Config(void);
  51:Src/main.c    **** static void MX_GPIO_Init(void);
  52:Src/main.c    **** /* USER CODE BEGIN PFP */
  53:Src/main.c    **** 
  54:Src/main.c    **** /* USER CODE END PFP */
  55:Src/main.c    **** 
  56:Src/main.c    **** /* Private user code ---------------------------------------------------------*/
  57:Src/main.c    **** /* USER CODE BEGIN 0 */
  58:Src/main.c    **** 
  59:Src/main.c    **** /* USER CODE END 0 */
  60:Src/main.c    **** 
  61:Src/main.c    **** /**
  62:Src/main.c    ****   * @brief  The application entry point.
  63:Src/main.c    ****   * @retval int
  64:Src/main.c    ****   */
  65:Src/main.c    **** int main(void)
  66:Src/main.c    **** {
  67:Src/main.c    ****   /* USER CODE BEGIN 1 */
  68:Src/main.c    **** 
  69:Src/main.c    ****   /* USER CODE END 1 */
  70:Src/main.c    **** 
  71:Src/main.c    ****   /* MCU Configuration--------------------------------------------------------*/
  72:Src/main.c    **** 
  73:Src/main.c    ****   /* Reset of all peripherals, Initializes the Flash interface and the Systick. */
  74:Src/main.c    ****   HAL_Init();
  75:Src/main.c    **** 
  76:Src/main.c    ****   /* USER CODE BEGIN Init */
  77:Src/main.c    **** 
  78:Src/main.c    ****   /* USER CODE END Init */
  79:Src/main.c    **** 
  80:Src/main.c    ****   /* Configure the system clock */
  81:Src/main.c    ****   SystemClock_Config();
  82:Src/main.c    **** 
  83:Src/main.c    ****   /* USER CODE BEGIN SysInit */
  84:Src/main.c    **** 
  85:Src/main.c    ****   /* USER CODE END SysInit */
  86:Src/main.c    **** 
  87:Src/main.c    ****   /* Initialize all configured peripherals */
  88:Src/main.c    ****   MX_GPIO_Init();
  89:Src/main.c    ****   /* USER CODE BEGIN 2 */
  90:Src/main.c    **** 
ARM GAS  C:\Users\REMOTE~1\AppData\Local\Temp\cczrOB1j.s 			page 3


  91:Src/main.c    ****   /* USER CODE END 2 */
  92:Src/main.c    **** 
  93:Src/main.c    ****   /* Infinite loop */
  94:Src/main.c    ****   /* USER CODE BEGIN WHILE */
  95:Src/main.c    ****   while (1)
  96:Src/main.c    ****   {
  97:Src/main.c    ****     /* USER CODE END WHILE */
  98:Src/main.c    **** 
  99:Src/main.c    ****     /* USER CODE BEGIN 3 */
 100:Src/main.c    ****   }
 101:Src/main.c    ****   /* USER CODE END 3 */
 102:Src/main.c    **** }
 103:Src/main.c    **** 
 104:Src/main.c    **** /**
 105:Src/main.c    ****   * @brief System Clock Configuration
 106:Src/main.c    ****   * @retval None
 107:Src/main.c    ****   */
 108:Src/main.c    **** void SystemClock_Config(void)
 109:Src/main.c    **** {
 110:Src/main.c    ****   RCC_OscInitTypeDef RCC_OscInitStruct = {0};
 111:Src/main.c    ****   RCC_ClkInitTypeDef RCC_ClkInitStruct = {0};
 112:Src/main.c    **** 
 113:Src/main.c    ****   /** Initializes the CPU, AHB and APB busses clocks 
 114:Src/main.c    ****   */
 115:Src/main.c    ****   RCC_OscInitStruct.OscillatorType = RCC_OSCILLATORTYPE_HSI;
 116:Src/main.c    ****   RCC_OscInitStruct.HSIState = RCC_HSI_ON;
 117:Src/main.c    ****   RCC_OscInitStruct.HSICalibrationValue = RCC_HSICALIBRATION_DEFAULT;
 118:Src/main.c    ****   RCC_OscInitStruct.PLL.PLLState = RCC_PLL_NONE;
 119:Src/main.c    ****   if (HAL_RCC_OscConfig(&RCC_OscInitStruct) != HAL_OK)
 120:Src/main.c    ****   {
 121:Src/main.c    ****     Error_Handler();
 122:Src/main.c    ****   }
 123:Src/main.c    ****   /** Initializes the CPU, AHB and APB busses clocks 
 124:Src/main.c    ****   */
 125:Src/main.c    ****   RCC_ClkInitStruct.ClockType = RCC_CLOCKTYPE_HCLK|RCC_CLOCKTYPE_SYSCLK
 126:Src/main.c    ****                               |RCC_CLOCKTYPE_PCLK1;
 127:Src/main.c    ****   RCC_ClkInitStruct.SYSCLKSource = RCC_SYSCLKSOURCE_HSI;
 128:Src/main.c    ****   RCC_ClkInitStruct.AHBCLKDivider = RCC_SYSCLK_DIV1;
 129:Src/main.c    ****   RCC_ClkInitStruct.APB1CLKDivider = RCC_HCLK_DIV1;
 130:Src/main.c    **** 
 131:Src/main.c    ****   if (HAL_RCC_ClockConfig(&RCC_ClkInitStruct, FLASH_LATENCY_0) != HAL_OK)
 132:Src/main.c    ****   {
 133:Src/main.c    ****     Error_Handler();
 134:Src/main.c    ****   }
 135:Src/main.c    **** }
 136:Src/main.c    **** 
 137:Src/main.c    **** /**
 138:Src/main.c    ****   * @brief GPIO Initialization Function
 139:Src/main.c    ****   * @param None
 140:Src/main.c    ****   * @retval None
 141:Src/main.c    ****   */
 142:Src/main.c    **** static void MX_GPIO_Init(void)
 143:Src/main.c    **** {
  26              		.loc 1 143 1 view -0
  27              		.cfi_startproc
  28              		@ args = 0, pretend = 0, frame = 24
  29              		@ frame_needed = 0, uses_anonymous_args = 0
ARM GAS  C:\Users\REMOTE~1\AppData\Local\Temp\cczrOB1j.s 			page 4


  30 0000 30B5     		push	{r4, r5, lr}
  31              	.LCFI0:
  32              		.cfi_def_cfa_offset 12
  33              		.cfi_offset 4, -12
  34              		.cfi_offset 5, -8
  35              		.cfi_offset 14, -4
  36 0002 87B0     		sub	sp, sp, #28
  37              	.LCFI1:
  38              		.cfi_def_cfa_offset 40
 144:Src/main.c    ****   GPIO_InitTypeDef GPIO_InitStruct = {0};
  39              		.loc 1 144 3 view .LVU1
  40              		.loc 1 144 20 is_stmt 0 view .LVU2
  41 0004 1422     		movs	r2, #20
  42 0006 0021     		movs	r1, #0
  43 0008 01A8     		add	r0, sp, #4
  44 000a FFF7FEFF 		bl	memset
  45              	.LVL0:
 145:Src/main.c    **** 
 146:Src/main.c    ****   /* GPIO Ports Clock Enable */
 147:Src/main.c    ****   __HAL_RCC_GPIOB_CLK_ENABLE();
  46              		.loc 1 147 3 is_stmt 1 view .LVU3
  47              	.LBB2:
  48              		.loc 1 147 3 view .LVU4
  49              		.loc 1 147 3 view .LVU5
  50 000e 0F4A     		ldr	r2, .L2
  51 0010 5169     		ldr	r1, [r2, #20]
  52 0012 8020     		movs	r0, #128
  53 0014 C002     		lsls	r0, r0, #11
  54 0016 0143     		orrs	r1, r0
  55 0018 5161     		str	r1, [r2, #20]
  56              		.loc 1 147 3 view .LVU6
  57 001a 5369     		ldr	r3, [r2, #20]
  58 001c 0340     		ands	r3, r0
  59 001e 0093     		str	r3, [sp]
  60              		.loc 1 147 3 view .LVU7
  61 0020 009B     		ldr	r3, [sp]
  62              	.LBE2:
  63              		.loc 1 147 3 view .LVU8
 148:Src/main.c    **** 
 149:Src/main.c    ****   /*Configure GPIO pin Output Level */
 150:Src/main.c    ****   HAL_GPIO_WritePin(GPIOB, GPIO_PIN_11, GPIO_PIN_RESET);
  64              		.loc 1 150 3 view .LVU9
  65 0022 8025     		movs	r5, #128
  66 0024 2D01     		lsls	r5, r5, #4
  67 0026 0A4C     		ldr	r4, .L2+4
  68 0028 0022     		movs	r2, #0
  69 002a 2900     		movs	r1, r5
  70 002c 2000     		movs	r0, r4
  71 002e FFF7FEFF 		bl	HAL_GPIO_WritePin
  72              	.LVL1:
 151:Src/main.c    **** 
 152:Src/main.c    ****   /*Configure GPIO pin : PB11 */
 153:Src/main.c    ****   GPIO_InitStruct.Pin = GPIO_PIN_11;
  73              		.loc 1 153 3 view .LVU10
  74              		.loc 1 153 23 is_stmt 0 view .LVU11
  75 0032 0195     		str	r5, [sp, #4]
 154:Src/main.c    ****   GPIO_InitStruct.Mode = GPIO_MODE_OUTPUT_PP;
ARM GAS  C:\Users\REMOTE~1\AppData\Local\Temp\cczrOB1j.s 			page 5


  76              		.loc 1 154 3 is_stmt 1 view .LVU12
  77              		.loc 1 154 24 is_stmt 0 view .LVU13
  78 0034 0123     		movs	r3, #1
  79 0036 0293     		str	r3, [sp, #8]
 155:Src/main.c    ****   GPIO_InitStruct.Pull = GPIO_NOPULL;
  80              		.loc 1 155 3 is_stmt 1 view .LVU14
  81              		.loc 1 155 24 is_stmt 0 view .LVU15
  82 0038 0023     		movs	r3, #0
  83 003a 0393     		str	r3, [sp, #12]
 156:Src/main.c    ****   GPIO_InitStruct.Speed = GPIO_SPEED_FREQ_LOW;
  84              		.loc 1 156 3 is_stmt 1 view .LVU16
  85              		.loc 1 156 25 is_stmt 0 view .LVU17
  86 003c 0493     		str	r3, [sp, #16]
 157:Src/main.c    ****   HAL_GPIO_Init(GPIOB, &GPIO_InitStruct);
  87              		.loc 1 157 3 is_stmt 1 view .LVU18
  88 003e 01A9     		add	r1, sp, #4
  89 0040 2000     		movs	r0, r4
  90 0042 FFF7FEFF 		bl	HAL_GPIO_Init
  91              	.LVL2:
 158:Src/main.c    **** 
 159:Src/main.c    **** }
  92              		.loc 1 159 1 is_stmt 0 view .LVU19
  93 0046 07B0     		add	sp, sp, #28
  94              		@ sp needed
  95 0048 30BD     		pop	{r4, r5, pc}
  96              	.L3:
  97 004a C046     		.align	2
  98              	.L2:
  99 004c 00100240 		.word	1073876992
 100 0050 00040048 		.word	1207960576
 101              		.cfi_endproc
 102              	.LFE42:
 104              		.section	.text.SystemClock_Config,"ax",%progbits
 105              		.align	1
 106              		.global	SystemClock_Config
 107              		.syntax unified
 108              		.code	16
 109              		.thumb_func
 110              		.fpu softvfp
 112              	SystemClock_Config:
 113              	.LFB41:
 109:Src/main.c    ****   RCC_OscInitTypeDef RCC_OscInitStruct = {0};
 114              		.loc 1 109 1 is_stmt 1 view -0
 115              		.cfi_startproc
 116              		@ args = 0, pretend = 0, frame = 64
 117              		@ frame_needed = 0, uses_anonymous_args = 0
 118 0000 10B5     		push	{r4, lr}
 119              	.LCFI2:
 120              		.cfi_def_cfa_offset 8
 121              		.cfi_offset 4, -8
 122              		.cfi_offset 14, -4
 123 0002 90B0     		sub	sp, sp, #64
 124              	.LCFI3:
 125              		.cfi_def_cfa_offset 72
 110:Src/main.c    ****   RCC_ClkInitTypeDef RCC_ClkInitStruct = {0};
 126              		.loc 1 110 3 view .LVU21
 110:Src/main.c    ****   RCC_ClkInitTypeDef RCC_ClkInitStruct = {0};
ARM GAS  C:\Users\REMOTE~1\AppData\Local\Temp\cczrOB1j.s 			page 6


 127              		.loc 1 110 22 is_stmt 0 view .LVU22
 128 0004 2C22     		movs	r2, #44
 129 0006 0021     		movs	r1, #0
 130 0008 05A8     		add	r0, sp, #20
 131 000a FFF7FEFF 		bl	memset
 132              	.LVL3:
 111:Src/main.c    **** 
 133              		.loc 1 111 3 is_stmt 1 view .LVU23
 111:Src/main.c    **** 
 134              		.loc 1 111 22 is_stmt 0 view .LVU24
 135 000e 1022     		movs	r2, #16
 136 0010 0021     		movs	r1, #0
 137 0012 6846     		mov	r0, sp
 138 0014 FFF7FEFF 		bl	memset
 139              	.LVL4:
 115:Src/main.c    ****   RCC_OscInitStruct.HSIState = RCC_HSI_ON;
 140              		.loc 1 115 3 is_stmt 1 view .LVU25
 115:Src/main.c    ****   RCC_OscInitStruct.HSIState = RCC_HSI_ON;
 141              		.loc 1 115 36 is_stmt 0 view .LVU26
 142 0018 0223     		movs	r3, #2
 143 001a 0493     		str	r3, [sp, #16]
 116:Src/main.c    ****   RCC_OscInitStruct.HSICalibrationValue = RCC_HSICALIBRATION_DEFAULT;
 144              		.loc 1 116 3 is_stmt 1 view .LVU27
 116:Src/main.c    ****   RCC_OscInitStruct.HSICalibrationValue = RCC_HSICALIBRATION_DEFAULT;
 145              		.loc 1 116 30 is_stmt 0 view .LVU28
 146 001c 013B     		subs	r3, r3, #1
 147 001e 0793     		str	r3, [sp, #28]
 117:Src/main.c    ****   RCC_OscInitStruct.PLL.PLLState = RCC_PLL_NONE;
 148              		.loc 1 117 3 is_stmt 1 view .LVU29
 117:Src/main.c    ****   RCC_OscInitStruct.PLL.PLLState = RCC_PLL_NONE;
 149              		.loc 1 117 41 is_stmt 0 view .LVU30
 150 0020 0F33     		adds	r3, r3, #15
 151 0022 0893     		str	r3, [sp, #32]
 118:Src/main.c    ****   if (HAL_RCC_OscConfig(&RCC_OscInitStruct) != HAL_OK)
 152              		.loc 1 118 3 is_stmt 1 view .LVU31
 118:Src/main.c    ****   if (HAL_RCC_OscConfig(&RCC_OscInitStruct) != HAL_OK)
 153              		.loc 1 118 34 is_stmt 0 view .LVU32
 154 0024 0024     		movs	r4, #0
 119:Src/main.c    ****   {
 155              		.loc 1 119 3 is_stmt 1 view .LVU33
 119:Src/main.c    ****   {
 156              		.loc 1 119 7 is_stmt 0 view .LVU34
 157 0026 04A8     		add	r0, sp, #16
 158 0028 FFF7FEFF 		bl	HAL_RCC_OscConfig
 159              	.LVL5:
 125:Src/main.c    ****                               |RCC_CLOCKTYPE_PCLK1;
 160              		.loc 1 125 3 is_stmt 1 view .LVU35
 125:Src/main.c    ****                               |RCC_CLOCKTYPE_PCLK1;
 161              		.loc 1 125 31 is_stmt 0 view .LVU36
 162 002c 0723     		movs	r3, #7
 163 002e 0093     		str	r3, [sp]
 127:Src/main.c    ****   RCC_ClkInitStruct.AHBCLKDivider = RCC_SYSCLK_DIV1;
 164              		.loc 1 127 3 is_stmt 1 view .LVU37
 127:Src/main.c    ****   RCC_ClkInitStruct.AHBCLKDivider = RCC_SYSCLK_DIV1;
 165              		.loc 1 127 34 is_stmt 0 view .LVU38
 166 0030 0194     		str	r4, [sp, #4]
 128:Src/main.c    ****   RCC_ClkInitStruct.APB1CLKDivider = RCC_HCLK_DIV1;
ARM GAS  C:\Users\REMOTE~1\AppData\Local\Temp\cczrOB1j.s 			page 7


 167              		.loc 1 128 3 is_stmt 1 view .LVU39
 128:Src/main.c    ****   RCC_ClkInitStruct.APB1CLKDivider = RCC_HCLK_DIV1;
 168              		.loc 1 128 35 is_stmt 0 view .LVU40
 169 0032 0294     		str	r4, [sp, #8]
 129:Src/main.c    **** 
 170              		.loc 1 129 3 is_stmt 1 view .LVU41
 129:Src/main.c    **** 
 171              		.loc 1 129 36 is_stmt 0 view .LVU42
 172 0034 0394     		str	r4, [sp, #12]
 131:Src/main.c    ****   {
 173              		.loc 1 131 3 is_stmt 1 view .LVU43
 131:Src/main.c    ****   {
 174              		.loc 1 131 7 is_stmt 0 view .LVU44
 175 0036 0021     		movs	r1, #0
 176 0038 6846     		mov	r0, sp
 177 003a FFF7FEFF 		bl	HAL_RCC_ClockConfig
 178              	.LVL6:
 135:Src/main.c    **** 
 179              		.loc 1 135 1 view .LVU45
 180 003e 10B0     		add	sp, sp, #64
 181              		@ sp needed
 182 0040 10BD     		pop	{r4, pc}
 183              		.cfi_endproc
 184              	.LFE41:
 186              		.section	.text.main,"ax",%progbits
 187              		.align	1
 188              		.global	main
 189              		.syntax unified
 190              		.code	16
 191              		.thumb_func
 192              		.fpu softvfp
 194              	main:
 195              	.LFB40:
  66:Src/main.c    ****   /* USER CODE BEGIN 1 */
 196              		.loc 1 66 1 is_stmt 1 view -0
 197              		.cfi_startproc
 198              		@ Volatile: function does not return.
 199              		@ args = 0, pretend = 0, frame = 0
 200              		@ frame_needed = 0, uses_anonymous_args = 0
 201 0000 10B5     		push	{r4, lr}
 202              	.LCFI4:
 203              		.cfi_def_cfa_offset 8
 204              		.cfi_offset 4, -8
 205              		.cfi_offset 14, -4
  74:Src/main.c    **** 
 206              		.loc 1 74 3 view .LVU47
 207 0002 FFF7FEFF 		bl	HAL_Init
 208              	.LVL7:
  81:Src/main.c    **** 
 209              		.loc 1 81 3 view .LVU48
 210 0006 FFF7FEFF 		bl	SystemClock_Config
 211              	.LVL8:
  88:Src/main.c    ****   /* USER CODE BEGIN 2 */
 212              		.loc 1 88 3 view .LVU49
 213 000a FFF7FEFF 		bl	MX_GPIO_Init
 214              	.LVL9:
 215              	.L6:
ARM GAS  C:\Users\REMOTE~1\AppData\Local\Temp\cczrOB1j.s 			page 8


  95:Src/main.c    ****   {
 216              		.loc 1 95 3 discriminator 1 view .LVU50
 100:Src/main.c    ****   /* USER CODE END 3 */
 217              		.loc 1 100 3 discriminator 1 view .LVU51
  95:Src/main.c    ****   {
 218              		.loc 1 95 9 discriminator 1 view .LVU52
 219 000e FEE7     		b	.L6
 220              		.cfi_endproc
 221              	.LFE40:
 223              		.section	.text.Error_Handler,"ax",%progbits
 224              		.align	1
 225              		.global	Error_Handler
 226              		.syntax unified
 227              		.code	16
 228              		.thumb_func
 229              		.fpu softvfp
 231              	Error_Handler:
 232              	.LFB43:
 160:Src/main.c    **** 
 161:Src/main.c    **** /* USER CODE BEGIN 4 */
 162:Src/main.c    **** 
 163:Src/main.c    **** /* USER CODE END 4 */
 164:Src/main.c    **** 
 165:Src/main.c    **** /**
 166:Src/main.c    ****   * @brief  This function is executed in case of error occurrence.
 167:Src/main.c    ****   * @retval None
 168:Src/main.c    ****   */
 169:Src/main.c    **** void Error_Handler(void)
 170:Src/main.c    **** {
 233              		.loc 1 170 1 view -0
 234              		.cfi_startproc
 235              		@ args = 0, pretend = 0, frame = 0
 236              		@ frame_needed = 0, uses_anonymous_args = 0
 237              		@ link register save eliminated.
 171:Src/main.c    ****   /* USER CODE BEGIN Error_Handler_Debug */
 172:Src/main.c    ****   /* User can add his own implementation to report the HAL error return state */
 173:Src/main.c    **** 
 174:Src/main.c    ****   /* USER CODE END Error_Handler_Debug */
 175:Src/main.c    **** }
 238              		.loc 1 175 1 view .LVU54
 239              		@ sp needed
 240 0000 7047     		bx	lr
 241              		.cfi_endproc
 242              	.LFE43:
 244              		.text
 245              	.Letext0:
 246              		.file 2 "c:\\program files (x86)\\gnu arm embedded toolchain\\9 2020-q2-update\\arm-none-eabi\\inc
 247              		.file 3 "c:\\program files (x86)\\gnu arm embedded toolchain\\9 2020-q2-update\\arm-none-eabi\\inc
 248              		.file 4 "Drivers/CMSIS/Device/ST/STM32F0xx/Include/system_stm32f0xx.h"
 249              		.file 5 "Drivers/CMSIS/Device/ST/STM32F0xx/Include/stm32f030xc.h"
 250              		.file 6 "Drivers/STM32F0xx_HAL_Driver/Inc/stm32f0xx_hal_rcc.h"
 251              		.file 7 "Drivers/STM32F0xx_HAL_Driver/Inc/stm32f0xx_hal_gpio.h"
 252              		.file 8 "Drivers/STM32F0xx_HAL_Driver/Inc/stm32f0xx_hal_def.h"
 253              		.file 9 "Drivers/STM32F0xx_HAL_Driver/Inc/stm32f0xx_hal.h"
 254              		.file 10 "<built-in>"
ARM GAS  C:\Users\REMOTE~1\AppData\Local\Temp\cczrOB1j.s 			page 9


DEFINED SYMBOLS
                            *ABS*:00000000 main.c
C:\Users\REMOTE~1\AppData\Local\Temp\cczrOB1j.s:16     .text.MX_GPIO_Init:00000000 $t
C:\Users\REMOTE~1\AppData\Local\Temp\cczrOB1j.s:23     .text.MX_GPIO_Init:00000000 MX_GPIO_Init
C:\Users\REMOTE~1\AppData\Local\Temp\cczrOB1j.s:99     .text.MX_GPIO_Init:0000004c $d
C:\Users\REMOTE~1\AppData\Local\Temp\cczrOB1j.s:105    .text.SystemClock_Config:00000000 $t
C:\Users\REMOTE~1\AppData\Local\Temp\cczrOB1j.s:112    .text.SystemClock_Config:00000000 SystemClock_Config
C:\Users\REMOTE~1\AppData\Local\Temp\cczrOB1j.s:187    .text.main:00000000 $t
C:\Users\REMOTE~1\AppData\Local\Temp\cczrOB1j.s:194    .text.main:00000000 main
C:\Users\REMOTE~1\AppData\Local\Temp\cczrOB1j.s:224    .text.Error_Handler:00000000 $t
C:\Users\REMOTE~1\AppData\Local\Temp\cczrOB1j.s:231    .text.Error_Handler:00000000 Error_Handler

UNDEFINED SYMBOLS
memset
HAL_GPIO_WritePin
HAL_GPIO_Init
HAL_RCC_OscConfig
HAL_RCC_ClockConfig
HAL_Init
